0 info it worked if it ends with ok
1 verbose cli [ 'C:\\Program Files (x86)\\nodejs\\\\node.exe',
1 verbose cli   'C:\\Program Files (x86)\\nodejs\\node_modules\\npm\\bin\\npm-cli.js',
1 verbose cli   'install',
1 verbose cli   'node-tweet-stream' ]
2 info using npm@1.4.28
3 info using node@v0.10.32
4 verbose node symlink C:\Program Files (x86)\nodejs\\node.exe
5 verbose cache add [ 'node-tweet-stream', null ]
6 verbose cache add name=undefined spec="node-tweet-stream" args=["node-tweet-stream",null]
7 verbose parsed url { protocol: null,
7 verbose parsed url   slashes: null,
7 verbose parsed url   auth: null,
7 verbose parsed url   host: null,
7 verbose parsed url   port: null,
7 verbose parsed url   hostname: null,
7 verbose parsed url   hash: null,
7 verbose parsed url   search: null,
7 verbose parsed url   query: null,
7 verbose parsed url   pathname: 'node-tweet-stream',
7 verbose parsed url   path: 'node-tweet-stream',
7 verbose parsed url   href: 'node-tweet-stream' }
8 silly lockFile 0176e536-node-tweet-stream node-tweet-stream
9 verbose lock node-tweet-stream C:\Users\JME\AppData\Roaming\npm-cache\0176e536-node-tweet-stream.lock
10 silly lockFile 0176e536-node-tweet-stream node-tweet-stream
11 silly lockFile 0176e536-node-tweet-stream node-tweet-stream
12 verbose addNamed [ 'node-tweet-stream', '' ]
13 verbose addNamed [ null, '*' ]
14 silly lockFile 6fe2df25-node-tweet-stream node-tweet-stream@
15 verbose lock node-tweet-stream@ C:\Users\JME\AppData\Roaming\npm-cache\6fe2df25-node-tweet-stream.lock
16 silly addNameRange { name: 'node-tweet-stream', range: '*', hasData: false }
17 verbose request where is /node-tweet-stream
18 verbose request registry https://registry.npmjs.org/
19 verbose request id 8eb348b74ad8fe38
20 verbose url raw /node-tweet-stream
21 verbose url resolving [ 'https://registry.npmjs.org/', './node-tweet-stream' ]
22 verbose url resolved https://registry.npmjs.org/node-tweet-stream
23 verbose request where is https://registry.npmjs.org/node-tweet-stream
24 info trying registry request attempt 1 at 13:45:33
25 http GET https://registry.npmjs.org/node-tweet-stream
26 info retry will retry, error on last attempt: Error: tunneling socket could not be established, cause=getaddrinfo ENOTFOUND
27 info trying registry request attempt 2 at 13:45:45
28 http GET https://registry.npmjs.org/node-tweet-stream
29 info retry will retry, error on last attempt: Error: tunneling socket could not be established, cause=getaddrinfo ENOTFOUND
30 info trying registry request attempt 3 at 13:46:55
31 http GET https://registry.npmjs.org/node-tweet-stream
32 silly lockFile 6fe2df25-node-tweet-stream node-tweet-stream@
33 silly lockFile 6fe2df25-node-tweet-stream node-tweet-stream@
34 error network tunneling socket could not be established, cause=getaddrinfo ENOTFOUND
34 error network This is most likely not a problem with npm itself
34 error network and is related to network connectivity.
34 error network In most cases you are behind a proxy or have bad network settings.
34 error network
34 error network If you are behind a proxy, please make sure that the
34 error network 'proxy' config is set properly.  See: 'npm help config'
35 error System Windows_NT 6.1.7601
36 error command "C:\\Program Files (x86)\\nodejs\\\\node.exe" "C:\\Program Files (x86)\\nodejs\\node_modules\\npm\\bin\\npm-cli.js" "install" "node-tweet-stream"
37 error cwd C:\inetpub\wwwroot\NodeJSReference\6.3 ExternalApis
38 error node -v v0.10.32
39 error npm -v 1.4.28
40 error code ECONNRESET
41 verbose exit [ 1, true ]
